<?xml version="1.0" encoding="UTF-8"?>
<!-- Generated by org.testng.reporters.JUnitReportReporter -->
<testsuite skipped="0" hostname="DESKTOP-V123S32" name="testcases.suitea.LoginTest" tests="2" failures="0" timestamp="2020-05-15T16:18:49 IST" time="0.012" errors="0">
  <testcase name="logout" time="0.003" classname="testcases.suitea.LoginTest"/>
  <testcase name="loginTest" time="0.009" classname="testcases.suitea.LoginTest"/>
</testsuite> <!-- testcases.suitea.LoginTest -->
